<?xml version="1.0" encoding="UTF-8"?>
<testsuite xmlns:xsi="http://www.w3.org/2001/XMLSchema-instance" xsi:noNamespaceSchemaLocation="https://maven.apache.org/surefire/maven-surefire-plugin/xsd/surefire-test-report-3.0.xsd" version="3.0" name="com.assignment.employeeBoard.EmployeeBoardApplicationTests" time="2.348" tests="1" errors="0" skipped="0" failures="0">
  <properties>
[...]
</properties>
  <testcase name="contextLoads" classname="com.assignment.employeeBoard.EmployeeBoardApplicationTests" time="0.741">
    <system-out><![CDATA[14:04:21.501 [main] INFO org.springframework.test.context.support.AnnotationConfigContextLoaderUtils -- Could not detect default configuration classes for test class [com.assignment.employeeBoard.EmployeeBoardApplicationTests]: EmployeeBoardApplicationTests does not declare any static, non-private, non-final, nested classes annotated with @Configuration.
14:04:21.589 [main] INFO org.springframework.boot.test.context.SpringBootTestContextBootstrapper -- Found @SpringBootConfiguration com.assignment.employeeBoard.EmployeeBoardApplication for test class com.assignment.employeeBoard.EmployeeBoardApplicationTests

  .   ____          _            __ _ _
 /\\ / ___'_ __ _ _(_)_ __  __ _ \ \ \ \
( ( )\___ | '_ | '_| | '_ \/ _` | \ \ \ \
 \\/  ___)| |_)| | | | | || (_| |  ) ) ) )
  '  |____| .__|_| |_|_| |_\__, | / / / /
 =========|_|==============|___/=/_/_/_/
 :: Spring Boot ::                (v3.1.5)

2023-10-21T14:04:21.897-04:00  INFO 2383 --- [           main] c.a.e.EmployeeBoardApplicationTests      : Starting EmployeeBoardApplicationTests using Java 17.0.9 with PID 2383 (started by xushuoni in /Users/xushuoni/Desktop/employee_dashboard/backend)
2023-10-21T14:04:21.898-04:00  INFO 2383 --- [           main] c.a.e.EmployeeBoardApplicationTests      : No active profile set, falling back to 1 default profile: "default"
2023-10-21T14:04:22.925-04:00  INFO 2383 --- [           main] c.a.e.EmployeeBoardApplicationTests      : Started EmployeeBoardApplicationTests in 1.223 seconds (process running for 2.063)
]]></system-out>
  </testcase>
</testsuite>